<?xml version="1.0" encoding="UTF-8"?>
<!-- Generated by org.testng.reporters.JUnitReportReporter -->
<testsuite skipped="0" hostname="DESKTOP-L97HJ81" name="thuynt3.Exercise_Day_07" tests="1" failures="0" timestamp="22 Aug 2019 08:09:40 GMT" time="0.037" errors="0">
  <testcase name="Exercise_01" time="0.037" classname="thuynt3.Exercise_Day_07"/>
</testsuite> <!-- thuynt3.Exercise_Day_07 -->
